<?xml version="1.0" encoding="UTF-8"?>
<con:soapui-project id="da8b05fa-06fa-4414-baaf-cfd315e4956a" activeEnvironment="Default" name="Test ServicesSoap" soapui-version="5.7.2" xmlns:con="http://eviware.com/soapui/config"><con:settings/><con:interface xsi:type="con:WsdlInterface" id="dab25088-b551-4bd4-8010-31cad45e10d9" wsaVersion="NONE" name="CountriesPortSoap11" type="wsdl" bindingName="{http://www.ensa.ma/MySoapService}CountriesPortSoap11" soapVersion="1_1" anonymous="optional" definition="http://localhost:8080/ws/countries.wsdl" xmlns:xsi="http://www.w3.org/2001/XMLSchema-instance"><con:settings/><con:definitionCache type="TEXT" rootPart="http://localhost:8080/ws/countries.wsdl"><con:part><con:url>http://localhost:8080/ws/countries.wsdl</con:url><con:content><![CDATA[<wsdl:definitions targetNamespace="http://www.ensa.ma/MySoapService" xmlns:wsdl="http://schemas.xmlsoap.org/wsdl/" xmlns:sch="http://www.ensa.ma/MySoapService" xmlns:soap="http://schemas.xmlsoap.org/wsdl/soap/" xmlns:tns="http://www.ensa.ma/MySoapService">
  <wsdl:types>
    <xs:schema elementFormDefault="qualified" targetNamespace="http://www.ensa.ma/MySoapService" xmlns:xs="http://www.w3.org/2001/XMLSchema">
      <xs:element name="getCountryRequest">
        <xs:complexType>
          <xs:sequence>
            <xs:element name="name" type="xs:string"/>
          </xs:sequence>
        </xs:complexType>
      </xs:element>
      <xs:element name="getCountryResponse">
        <xs:complexType>
          <xs:sequence>
            <xs:element name="country" type="tns:country"/>
          </xs:sequence>
        </xs:complexType>
      </xs:element>
      <xs:complexType name="country">
        <xs:sequence>
          <xs:element name="name" type="xs:string"/>
          <xs:element name="population" type="xs:int"/>
          <xs:element name="capital" type="xs:string"/>
          <xs:element name="currency" type="tns:currency"/>
        </xs:sequence>
      </xs:complexType>
      <xs:simpleType name="currency">
        <xs:restriction base="xs:string">
          <xs:enumeration value="DH"/>
          <xs:enumeration value="EUR"/>
          <xs:enumeration value="PLN"/>
        </xs:restriction>
      </xs:simpleType>
    </xs:schema>
  </wsdl:types>
  <wsdl:message name="getCountryResponse">
    <wsdl:part element="tns:getCountryResponse" name="getCountryResponse"></wsdl:part>
  </wsdl:message>
  <wsdl:message name="getCountryRequest">
    <wsdl:part element="tns:getCountryRequest" name="getCountryRequest"></wsdl:part>
  </wsdl:message>
  <wsdl:portType name="CountriesPort">
    <wsdl:operation name="getCountry">
      <wsdl:input message="tns:getCountryRequest" name="getCountryRequest"></wsdl:input>
      <wsdl:output message="tns:getCountryResponse" name="getCountryResponse"></wsdl:output>
    </wsdl:operation>
  </wsdl:portType>
  <wsdl:binding name="CountriesPortSoap11" type="tns:CountriesPort">
    <soap:binding style="document" transport="http://schemas.xmlsoap.org/soap/http"/>
    <wsdl:operation name="getCountry">
      <soap:operation soapAction=""/>
      <wsdl:input name="getCountryRequest">
        <soap:body use="literal"/>
      </wsdl:input>
      <wsdl:output name="getCountryResponse">
        <soap:body use="literal"/>
      </wsdl:output>
    </wsdl:operation>
  </wsdl:binding>
  <wsdl:service name="CountriesPortService">
    <wsdl:port binding="tns:CountriesPortSoap11" name="CountriesPortSoap11">
      <soap:address location="http://localhost:8080/ws"/>
    </wsdl:port>
  </wsdl:service>
</wsdl:definitions>]]></con:content><con:type>http://schemas.xmlsoap.org/wsdl/</con:type></con:part></con:definitionCache><con:endpoints><con:endpoint>http://localhost:8080/ws</con:endpoint></con:endpoints><con:operation id="9506fe72-b868-41d6-9e32-166e8d67b04d" isOneWay="false" action="" name="getCountry" bindingOperationName="getCountry" type="Request-Response" outputName="getCountryResponse" inputName="getCountryRequest" receivesAttachments="false" sendsAttachments="false" anonymous="optional"><con:settings/><con:call id="df4cd9a7-1db1-4218-a98d-8481f2caf8dc" name="Request 1"><con:settings><con:setting id="com.eviware.soapui.impl.wsdl.WsdlRequest@request-headers">&lt;xml-fragment/></con:setting></con:settings><con:encoding>UTF-8</con:encoding><con:endpoint>http://localhost:8080/ws</con:endpoint><con:request><![CDATA[<soapenv:Envelope xmlns:soapenv="http://schemas.xmlsoap.org/soap/envelope/"
                  xmlns:my="http://www.ensa.ma/MySoapService">
    <soapenv:Header/>
    <soapenv:Body>
        <my:getCountryRequest>
            <my:name>France</my:name>
        </my:getCountryRequest>
    </soapenv:Body>
</soapenv:Envelope>
]]></con:request><con:credentials><con:authType>No Authorization</con:authType></con:credentials><con:jmsConfig JMSDeliveryMode="PERSISTENT"/><con:jmsPropertyConfig/><con:wsaConfig mustUnderstand="NONE" version="200508" action="http://www.ensa.ma/MySoapService/CountriesPort/getCountryRequest"/><con:wsrmConfig version="1.2"/></con:call></con:operation></con:interface><con:properties/><con:wssContainer/><con:oAuth2ProfileContainer/><con:oAuth1ProfileContainer/></con:soapui-project>